<?xml version="1.0" encoding="UTF-8"?>
<testng-results skipped="0" failed="0" ignored="0" total="2" passed="2">
  <reporter-output>
  </reporter-output>
  <suite name="Suite" duration-ms="59" started-at="2018-04-25T13:22:53Z" finished-at="2018-04-25T13:22:54Z">
    <groups>
    </groups>
    <test name="Test" duration-ms="59" started-at="2018-04-25T13:22:53Z" finished-at="2018-04-25T13:22:54Z">
      <class name="com.GitWithJenkins.Demo.testcase01">
        <test-method status="PASS" signature="testAdd()[pri:0, instance:com.GitWithJenkins.Demo.testcase01@7a0ac6e3]" name="testAdd" duration-ms="18" started-at="2018-04-25T20:22:54Z" finished-at="2018-04-25T20:22:54Z">
          <reporter-output>
          </reporter-output>
        </test-method> <!-- testAdd -->
      </class> <!-- com.GitWithJenkins.Demo.testcase01 -->
      <class name="com.GitWithJenkins.Demo.testcase02">
        <test-method status="PASS" signature="testSubtract()[pri:0, instance:com.GitWithJenkins.Demo.testcase02@7e0ea639]" name="testSubtract" duration-ms="18" started-at="2018-04-25T20:22:54Z" finished-at="2018-04-25T20:22:54Z">
          <reporter-output>
          </reporter-output>
        </test-method> <!-- testSubtract -->
      </class> <!-- com.GitWithJenkins.Demo.testcase02 -->
    </test> <!-- Test -->
  </suite> <!-- Suite -->
</testng-results>
